<?xml version="1.0" encoding="UTF-8"?>
<!-- Generated by org.testng.reporters.JUnitReportReporter -->
<testsuite hostname="DESKTOP-HV6VPL8" failures="0" tests="1" name="genericLib.BaseClass" time="4.218" errors="0" timestamp="2021-05-25T20:36:22 IST" skipped="0">
  <testcase classname="genericLib.BaseClass" name="openApp" time="4.218"/>
  <system-out/>
</testsuite> <!-- genericLib.BaseClass -->
